ARM GAS  /tmp/ccpWmc4o.s 			page 1


   1              		.cpu cortex-m4
   2              		.eabi_attribute 27, 1
   3              		.eabi_attribute 28, 1
   4              		.eabi_attribute 20, 1
   5              		.eabi_attribute 21, 1
   6              		.eabi_attribute 23, 3
   7              		.eabi_attribute 24, 1
   8              		.eabi_attribute 25, 1
   9              		.eabi_attribute 26, 1
  10              		.eabi_attribute 30, 1
  11              		.eabi_attribute 34, 1
  12              		.eabi_attribute 18, 4
  13              		.file	"stm32wbxx_hal_msp.c"
  14              		.text
  15              	.Ltext0:
  16              		.cfi_sections	.debug_frame
  17              		.section	.text.HAL_MspInit,"ax",%progbits
  18              		.align	1
  19              		.global	HAL_MspInit
  20              		.arch armv7e-m
  21              		.syntax unified
  22              		.thumb
  23              		.thumb_func
  24              		.fpu fpv4-sp-d16
  26              	HAL_MspInit:
  27              	.LFB941:
  28              		.file 1 "Src/stm32wbxx_hal_msp.c"
   1:Src/stm32wbxx_hal_msp.c **** /* USER CODE BEGIN Header */
   2:Src/stm32wbxx_hal_msp.c **** /**
   3:Src/stm32wbxx_hal_msp.c ****   ******************************************************************************
   4:Src/stm32wbxx_hal_msp.c ****   * File Name          : stm32wbxx_hal_msp.c
   5:Src/stm32wbxx_hal_msp.c ****   * Description        : This file provides code for the MSP Initialization 
   6:Src/stm32wbxx_hal_msp.c ****   *                      and de-Initialization codes.
   7:Src/stm32wbxx_hal_msp.c ****   ******************************************************************************
   8:Src/stm32wbxx_hal_msp.c ****   * @attention
   9:Src/stm32wbxx_hal_msp.c ****   *
  10:Src/stm32wbxx_hal_msp.c ****   * <h2><center>&copy; Copyright (c) 2019 STMicroelectronics.
  11:Src/stm32wbxx_hal_msp.c ****   * All rights reserved.</center></h2>
  12:Src/stm32wbxx_hal_msp.c ****   *
  13:Src/stm32wbxx_hal_msp.c ****   * This software component is licensed by ST under Ultimate Liberty license
  14:Src/stm32wbxx_hal_msp.c ****   * SLA0044, the "License"; You may not use this file except in compliance with
  15:Src/stm32wbxx_hal_msp.c ****   * the License. You may obtain a copy of the License at:
  16:Src/stm32wbxx_hal_msp.c ****   *                             www.st.com/SLA0044
  17:Src/stm32wbxx_hal_msp.c ****   *
  18:Src/stm32wbxx_hal_msp.c ****   ******************************************************************************
  19:Src/stm32wbxx_hal_msp.c ****   */
  20:Src/stm32wbxx_hal_msp.c **** /* USER CODE END Header */
  21:Src/stm32wbxx_hal_msp.c **** 
  22:Src/stm32wbxx_hal_msp.c **** /* Includes ------------------------------------------------------------------*/
  23:Src/stm32wbxx_hal_msp.c **** #include "main.h"
  24:Src/stm32wbxx_hal_msp.c **** /* USER CODE BEGIN Includes */
  25:Src/stm32wbxx_hal_msp.c **** 
  26:Src/stm32wbxx_hal_msp.c **** /* USER CODE END Includes */
  27:Src/stm32wbxx_hal_msp.c **** 
  28:Src/stm32wbxx_hal_msp.c **** /* Private typedef -----------------------------------------------------------*/
  29:Src/stm32wbxx_hal_msp.c **** /* USER CODE BEGIN TD */
  30:Src/stm32wbxx_hal_msp.c **** 
ARM GAS  /tmp/ccpWmc4o.s 			page 2


  31:Src/stm32wbxx_hal_msp.c **** /* USER CODE END TD */
  32:Src/stm32wbxx_hal_msp.c **** 
  33:Src/stm32wbxx_hal_msp.c **** /* Private define ------------------------------------------------------------*/
  34:Src/stm32wbxx_hal_msp.c **** /* USER CODE BEGIN Define */
  35:Src/stm32wbxx_hal_msp.c ****  
  36:Src/stm32wbxx_hal_msp.c **** /* USER CODE END Define */
  37:Src/stm32wbxx_hal_msp.c **** 
  38:Src/stm32wbxx_hal_msp.c **** /* Private macro -------------------------------------------------------------*/
  39:Src/stm32wbxx_hal_msp.c **** /* USER CODE BEGIN Macro */
  40:Src/stm32wbxx_hal_msp.c **** 
  41:Src/stm32wbxx_hal_msp.c **** /* USER CODE END Macro */
  42:Src/stm32wbxx_hal_msp.c **** 
  43:Src/stm32wbxx_hal_msp.c **** /* Private variables ---------------------------------------------------------*/
  44:Src/stm32wbxx_hal_msp.c **** /* USER CODE BEGIN PV */
  45:Src/stm32wbxx_hal_msp.c **** 
  46:Src/stm32wbxx_hal_msp.c **** /* USER CODE END PV */
  47:Src/stm32wbxx_hal_msp.c **** 
  48:Src/stm32wbxx_hal_msp.c **** /* Private function prototypes -----------------------------------------------*/
  49:Src/stm32wbxx_hal_msp.c **** /* USER CODE BEGIN PFP */
  50:Src/stm32wbxx_hal_msp.c **** 
  51:Src/stm32wbxx_hal_msp.c **** /* USER CODE END PFP */
  52:Src/stm32wbxx_hal_msp.c **** 
  53:Src/stm32wbxx_hal_msp.c **** /* External functions --------------------------------------------------------*/
  54:Src/stm32wbxx_hal_msp.c **** /* USER CODE BEGIN ExternalFunctions */
  55:Src/stm32wbxx_hal_msp.c **** 
  56:Src/stm32wbxx_hal_msp.c **** /* USER CODE END ExternalFunctions */
  57:Src/stm32wbxx_hal_msp.c **** 
  58:Src/stm32wbxx_hal_msp.c **** /* USER CODE BEGIN 0 */
  59:Src/stm32wbxx_hal_msp.c **** 
  60:Src/stm32wbxx_hal_msp.c **** /* USER CODE END 0 */
  61:Src/stm32wbxx_hal_msp.c **** /**
  62:Src/stm32wbxx_hal_msp.c ****   * Initializes the Global MSP.
  63:Src/stm32wbxx_hal_msp.c ****   */
  64:Src/stm32wbxx_hal_msp.c **** void HAL_MspInit(void)
  65:Src/stm32wbxx_hal_msp.c **** {
  29              		.loc 1 65 1 view -0
  30              		.cfi_startproc
  31              		@ args = 0, pretend = 0, frame = 0
  32              		@ frame_needed = 0, uses_anonymous_args = 0
  33              		@ link register save eliminated.
  66:Src/stm32wbxx_hal_msp.c ****   /* USER CODE BEGIN MspInit 0 */
  67:Src/stm32wbxx_hal_msp.c **** 
  68:Src/stm32wbxx_hal_msp.c ****   /* USER CODE END MspInit 0 */
  69:Src/stm32wbxx_hal_msp.c **** 
  70:Src/stm32wbxx_hal_msp.c ****   /* System interrupt init*/
  71:Src/stm32wbxx_hal_msp.c **** 
  72:Src/stm32wbxx_hal_msp.c ****   /* USER CODE BEGIN MspInit 1 */
  73:Src/stm32wbxx_hal_msp.c **** 
  74:Src/stm32wbxx_hal_msp.c ****   /* USER CODE END MspInit 1 */
  75:Src/stm32wbxx_hal_msp.c **** }
  34              		.loc 1 75 1 view .LVU1
  35 0000 7047     		bx	lr
  36              		.cfi_endproc
  37              	.LFE941:
  39              		.text
  40              	.Letext0:
  41              		.file 2 "/home/nyanko/gcc/gcc-arm-none-eabi-9-2019-q4-major/arm-none-eabi/include/machine/_default
ARM GAS  /tmp/ccpWmc4o.s 			page 3


  42              		.file 3 "/home/nyanko/gcc/gcc-arm-none-eabi-9-2019-q4-major/arm-none-eabi/include/sys/_stdint.h"
  43              		.file 4 "Drivers/CMSIS/Include/core_cm4.h"
  44              		.file 5 "Drivers/CMSIS/Device/ST/STM32WBxx/Include/system_stm32wbxx.h"
  45              		.file 6 "Drivers/STM32WBxx_HAL_Driver/Inc/stm32wbxx_hal_def.h"
  46              		.file 7 "Drivers/STM32WBxx_HAL_Driver/Inc/stm32wbxx_hal_flash.h"
  47              		.file 8 "Drivers/STM32WBxx_HAL_Driver/Inc/stm32wbxx_hal.h"
ARM GAS  /tmp/ccpWmc4o.s 			page 4


DEFINED SYMBOLS
                            *ABS*:0000000000000000 stm32wbxx_hal_msp.c
     /tmp/ccpWmc4o.s:18     .text.HAL_MspInit:0000000000000000 $t
     /tmp/ccpWmc4o.s:26     .text.HAL_MspInit:0000000000000000 HAL_MspInit

NO UNDEFINED SYMBOLS
